<?xml version="1.0" encoding="UTF-8"?>
<testsuite xmlns:xsi="http://www.w3.org/2001/XMLSchema-instance" xsi:noNamespaceSchemaLocation="https://maven.apache.org/surefire/maven-surefire-plugin/xsd/surefire-test-report-3.0.xsd" version="3.0" name="org.kreyzon.italiandocsvalidation.test.CodiceFiscaleTest" time="0.636" tests="16" errors="0" skipped="0" failures="0">
  <properties>
[...]
</properties>
  <testcase name="testGenerateCodiceFiscaleForDavideMoretti" classname="org.kreyzon.italiandocsvalidation.test.CodiceFiscaleTest" time="0.363"/>
  <testcase name="testGenerateCodiceFiscaleForLauraBianchi" classname="org.kreyzon.italiandocsvalidation.test.CodiceFiscaleTest" time="0.034"/>
  <testcase name="testGenerateCodiceFiscaleForStrangeName" classname="org.kreyzon.italiandocsvalidation.test.CodiceFiscaleTest" time="0.034"/>
  <testcase name="testGenerateCodiceFiscale2" classname="org.kreyzon.italiandocsvalidation.test.CodiceFiscaleTest" time="0.027"/>
  <testcase name="testGenerateCodiceFiscale3" classname="org.kreyzon.italiandocsvalidation.test.CodiceFiscaleTest" time="0.021"/>
  <testcase name="testGenerateCodiceFiscale4" classname="org.kreyzon.italiandocsvalidation.test.CodiceFiscaleTest" time="0.018"/>
  <testcase name="testGenerateCodiceFiscale5" classname="org.kreyzon.italiandocsvalidation.test.CodiceFiscaleTest" time="0.013"/>
  <testcase name="testGenerateCodiceFiscale6" classname="org.kreyzon.italiandocsvalidation.test.CodiceFiscaleTest" time="0.015"/>
  <testcase name="testGenerateCodiceFiscaleForLucaVerdi" classname="org.kreyzon.italiandocsvalidation.test.CodiceFiscaleTest" time="0.013"/>
  <testcase name="testGenerateCodiceFiscaleForWrongGender" classname="org.kreyzon.italiandocsvalidation.test.CodiceFiscaleTest" time="0.002"/>
  <testcase name="testGenerateCodiceFiscaleWithNonExistentBirthplaceInitials" classname="org.kreyzon.italiandocsvalidation.test.CodiceFiscaleTest" time="0.012"/>
  <testcase name="testGenerateCodiceFiscaleForMarcoRossi" classname="org.kreyzon.italiandocsvalidation.test.CodiceFiscaleTest" time="0.013"/>
  <testcase name="testGenerateCodiceFiscaleForInvalidData" classname="org.kreyzon.italiandocsvalidation.test.CodiceFiscaleTest" time="0.002"/>
  <testcase name="testGenerateCodiceFiscale" classname="org.kreyzon.italiandocsvalidation.test.CodiceFiscaleTest" time="0.013"/>
  <testcase name="testGenerateCodiceFiscaleForWrongDOB" classname="org.kreyzon.italiandocsvalidation.test.CodiceFiscaleTest" time="0.002"/>
  <testcase name="testGenerateCodiceFiscaleForFrancescaLombardi" classname="org.kreyzon.italiandocsvalidation.test.CodiceFiscaleTest" time="0.016"/>
</testsuite>